<?xml version="1.0" encoding="UTF-8"?>
<!-- Generated by org.testng.reporters.JUnitReportReporter -->
<testsuite skipped="0" hostname="IT000740.local" name="com.adidas.onlineshop.runner.CommonRunner" tests="1" failures="0" timestamp="01 Nov 2020 16:01:03 GMT" time="0.028" errors="0">
  <testcase name="feature" time="0.028" classname="com.adidas.onlineshop.runner.CommonRunner"/>
</testsuite> <!-- com.adidas.onlineshop.runner.CommonRunner -->
